<?xml version="1.0" encoding="UTF-8"?>
<!-- Generated by org.testng.reporters.JUnitReportReporter -->
<testsuite hostname="Shlomi-Desktop" failures="0" tests="6" name="tests.MainRunner" time="8.328" errors="0" timestamp="2020-10-25T22:23:36 IST" skipped="0">
  <testcase classname="tests.MainRunner" name="OpenSite" time="0.821"/>
  <system-out/>
  <testcase classname="tests.MainRunner" name="plusTest" time="2.863"/>
  <system-out/>
  <testcase classname="tests.MainRunner" name="subtractTest" time="1.442"/>
  <system-out/>
  <testcase classname="tests.MainRunner" name="multiplicationTest" time="1.588"/>
  <system-out/>
  <testcase classname="tests.MainRunner" name="sinusTest" time="1.372"/>
  <system-out/>
  <testcase classname="tests.MainRunner" name="historyValidationTest" time="0.242"/>
  <system-out/>
</testsuite> <!-- tests.MainRunner -->
